Words 146631
Vocabulary 11808
Top 50 words
flow 1947
number 1331
pressur 1303
result 1083
effect 985
boundari 924
method 878
theori 864
layer 854
solut 843
mach 809
equat 773
bodi 734
us 729
wing 705
present 696
heat 681
surfac 657
obtain 640
distribut 637
shock 609
problem 584
were 582
temperatur 577
ratio 573
approxim 549
calcul 548
veloc 544
case 540
investig 523
test 516
given 516
condit 511
these 499
plate 489
ha 480
j. 477
valu 475
experiment 467
superson 462
gener 448
made 448
measur 427
angl 425
found 423
rang 423
speed 413
wave 413
can 412
laminar 410
